<?xml version="1.0" encoding="UTF-8"?>
<!-- Generated by org.testng.reporters.JUnitReportReporter -->
<testsuite hostname="DESKTOP-SALM10G" failures="0" tests="1" name="test.test.SearchTest" time="19.888" errors="0" timestamp="2022-03-21T11:55:13 EET" skipped="0">
  <testcase classname="test.test.SearchTest" name="search" time="19.888"/>
  <system-out/>
</testsuite> <!-- test.test.SearchTest -->
