<?xml version="1.0" encoding="UTF-8"?>
<!-- Generated by org.testng.reporters.JUnitReportReporter -->
<testsuite hostname="DESKTOP-SALM10G" failures="0" tests="1" name="test.test.SearchTest" time="21.164" errors="0" timestamp="2022-03-21T09:34:19 EET" skipped="0">
  <testcase classname="test.test.SearchTest" name="search" time="21.164"/>
  <system-out/>
</testsuite> <!-- test.test.SearchTest -->
